<testsuites id="" name="" tests="402" failures="221" skipped="0" errors="0" time="606.22171">
<testsuite name="specs/01-auth.spec.ts" timestamp="2026-02-15T05:52:32.997Z" hostname="chromium" tests="16" failures="3" skipped="0" time="65.989" errors="0">
<testcase name="Authentication Flow › User can navigate to login page" classname="specs/01-auth.spec.ts" time="4.077">
</testcase>
<testcase name="Authentication Flow › User can navigate to signup page" classname="specs/01-auth.spec.ts" time="4.088">
</testcase>
<testcase name="Authentication Flow › Login page has navigation to signup" classname="specs/01-auth.spec.ts" time="4.091">
</testcase>
<testcase name="Authentication Flow › Signup page has navigation to login" classname="specs/01-auth.spec.ts" time="4.078">
</testcase>
<testcase name="Authentication Flow › Login with valid credentials redirects to dashboard" classname="specs/01-auth.spec.ts" time="7.607">
<failure message="01-auth.spec.ts:40:7 Login with valid credentials redirects to dashboard" type="FAILURE">
<![CDATA[  [chromium] › specs/01-auth.spec.ts:40:7 › Authentication Flow › Login with valid credentials redirects to dashboard 

    Error: locator.isVisible: Error: strict mode violation: locator('text=Dashboard') resolved to 2 elements:
        1) <span>Dashboard</span> aka getByRole('link', { name: 'Dashboard' })
        2) <h1 class="text-lg font-semibold text-gray-900">Dashboard</h1> aka getByRole('heading', { name: 'Dashboard' })

    Call log:
        - checking visibility of locator('text=Dashboard')


       at pages/dashboard.page.ts:75

      73 |
      74 |   async isDashboardVisible(): Promise<boolean> {
    > 75 |     return await this.page.locator('text=Dashboard').isVisible()
         |                                                      ^
      76 |   }
      77 |
      78 |   // Stats
        at DashboardPage.isDashboardVisible (/Users/mariobustosjmz/Desktop/claude/my-saas-app/e2e/pages/dashboard.page.ts:75:54)
        at /Users/mariobustosjmz/Desktop/claude/my-saas-app/e2e/specs/01-auth.spec.ts:48:45

    attachment #1: screenshot (image/png) ──────────────────────────────────────────────────────────
    ../test-results/specs-01-auth-Authenticati-128d7-ials-redirects-to-dashboard-chromium/test-failed-1.png
    ────────────────────────────────────────────────────────────────────────────────────────────────

    attachment #2: video (video/webm) ──────────────────────────────────────────────────────────────
    ../test-results/specs-01-auth-Authenticati-128d7-ials-redirects-to-dashboard-chromium/video.webm
    ────────────────────────────────────────────────────────────────────────────────────────────────

    Error Context: ../test-results/specs-01-auth-Authenticati-128d7-ials-redirects-to-dashboard-chromium/error-context.md
]]>
</failure>
<system-out>
<![CDATA[
[[ATTACHMENT|specs-01-auth-Authenticati-128d7-ials-redirects-to-dashboard-chromium/test-failed-1.png]]

[[ATTACHMENT|specs-01-auth-Authenticati-128d7-ials-redirects-to-dashboard-chromium/video.webm]]

[[ATTACHMENT|specs-01-auth-Authenticati-128d7-ials-redirects-to-dashboard-chromium/error-context.md]]
]]>
</system-out>
</testcase>
<testcase name="Authentication Flow › Login page shows all required fields" classname="specs/01-auth.spec.ts" time="4.071">
</testcase>
<testcase name="Authentication Flow › Login with invalid email format shows validation" classname="specs/01-auth.spec.ts" time="1.809">
</testcase>
<testcase name="Authentication Flow › Forgot password page is accessible from login" classname="specs/01-auth.spec.ts" time="2.665">
</testcase>
<testcase name="Authentication Flow › User cannot access protected dashboard without login" classname="specs/01-auth.spec.ts" time="1.816">
</testcase>
<testcase name="Authentication Flow › Logout clears session and redirects to login" classname="specs/01-auth.spec.ts" time="14.888">
<failure message="01-auth.spec.ts:97:7 Logout clears session and redirects to login" type="FAILURE">
<![CDATA[  [chromium] › specs/01-auth.spec.ts:97:7 › Authentication Flow › Logout clears session and redirects to login 

    TimeoutError: locator.click: Timeout 10000ms exceeded.
    Call log:
      - waiting for locator('button:has-text("Cerrar sesión"), a:has-text("Logout")')


       at pages/dashboard.page.ts:56

      54 |
      55 |   async clickLogout() {
    > 56 |     await this.page.locator('button:has-text("Cerrar sesión"), a:has-text("Logout")').click()
         |                                                                                       ^
      57 |   }
      58 |
      59 |   async logout() {
        at DashboardPage.clickLogout (/Users/mariobustosjmz/Desktop/claude/my-saas-app/e2e/pages/dashboard.page.ts:56:87)
        at DashboardPage.logout (/Users/mariobustosjmz/Desktop/claude/my-saas-app/e2e/pages/dashboard.page.ts:61:16)
        at /Users/mariobustosjmz/Desktop/claude/my-saas-app/e2e/specs/01-auth.spec.ts:105:5

    attachment #1: screenshot (image/png) ──────────────────────────────────────────────────────────
    ../test-results/specs-01-auth-Authenticati-489fa-sion-and-redirects-to-login-chromium/test-failed-1.png
    ────────────────────────────────────────────────────────────────────────────────────────────────

    attachment #2: video (video/webm) ──────────────────────────────────────────────────────────────
    ../test-results/specs-01-auth-Authenticati-489fa-sion-and-redirects-to-login-chromium/video.webm
    ────────────────────────────────────────────────────────────────────────────────────────────────

    Error Context: ../test-results/specs-01-auth-Authenticati-489fa-sion-and-redirects-to-login-chromium/error-context.md
]]>
</failure>
<system-out>
<![CDATA[
[[ATTACHMENT|specs-01-auth-Authenticati-489fa-sion-and-redirects-to-login-chromium/test-failed-1.png]]

[[ATTACHMENT|specs-01-auth-Authenticati-489fa-sion-and-redirects-to-login-chromium/video.webm]]

[[ATTACHMENT|specs-01-auth-Authenticati-489fa-sion-and-redirects-to-login-chromium/error-context.md]]
]]>
</system-out>
</testcase>
<testcase name="Authentication Flow › Password field is masked for security" classname="specs/01-auth.spec.ts" time="1.793">
</testcase>
<testcase name="Authentication Flow › Signup form has all required fields" classname="specs/01-auth.spec.ts" time="2.474">
</testcase>
<testcase name="Authentication Flow › Signup form shows password minimum length requirement" classname="specs/01-auth.spec.ts" time="2.455">
</testcase>
<testcase name="Authentication Flow › Session persists across page reloads" classname="specs/01-auth.spec.ts" time="5.012">
<failure message="01-auth.spec.ts:147:7 Session persists across page reloads" type="FAILURE">
<![CDATA[  [chromium] › specs/01-auth.spec.ts:147:7 › Authentication Flow › Session persists across page reloads 

    Error: locator.isVisible: Error: strict mode violation: locator('text=Dashboard') resolved to 2 elements:
        1) <span>Dashboard</span> aka getByRole('link', { name: 'Dashboard' })
        2) <h1 class="text-lg font-semibold text-gray-900">Dashboard</h1> aka getByRole('heading', { name: 'Dashboard' })

    Call log:
        - checking visibility of locator('text=Dashboard')


       at pages/dashboard.page.ts:75

      73 |
      74 |   async isDashboardVisible(): Promise<boolean> {
    > 75 |     return await this.page.locator('text=Dashboard').isVisible()
         |                                                      ^
      76 |   }
      77 |
      78 |   // Stats
        at DashboardPage.isDashboardVisible (/Users/mariobustosjmz/Desktop/claude/my-saas-app/e2e/pages/dashboard.page.ts:75:54)
        at /Users/mariobustosjmz/Desktop/claude/my-saas-app/e2e/specs/01-auth.spec.ts:157:45

    attachment #1: screenshot (image/png) ──────────────────────────────────────────────────────────
    ../test-results/specs-01-auth-Authenticati-22f07-ersists-across-page-reloads-chromium/test-failed-1.png
    ────────────────────────────────────────────────────────────────────────────────────────────────

    attachment #2: video (video/webm) ──────────────────────────────────────────────────────────────
    ../test-results/specs-01-auth-Authenticati-22f07-ersists-across-page-reloads-chromium/video.webm
    ────────────────────────────────────────────────────────────────────────────────────────────────

    Error Context: ../test-results/specs-01-auth-Authenticati-22f07-ersists-across-page-reloads-chromium/error-context.md
]]>
</failure>
<system-out>
<![CDATA[
[[ATTACHMENT|specs-01-auth-Authenticati-22f07-ersists-across-page-reloads-chromium/test-failed-1.png]]

[[ATTACHMENT|specs-01-auth-Authenticati-22f07-ersists-across-page-reloads-chromium/video.webm]]

[[ATTACHMENT|specs-01-auth-Authenticati-22f07-ersists-across-page-reloads-chromium/error-context.md]]
]]>
</system-out>
</testcase>
<testcase name="Authentication Flow › User logged out cannot access protected routes" classname="specs/01-auth.spec.ts" time="3.019">
</testcase>
<testcase name="Authentication Flow › Login with incomplete form shows validation errors" classname="specs/01-auth.spec.ts" time="2.046">
</testcase>
</testsuite>
<testsuite name="specs/02-dashboard.spec.ts" timestamp="2026-02-15T05:52:32.997Z" hostname="chromium" tests="14" failures="5" skipped="0" time="75.176" errors="0">
<testcase name="Dashboard Navigation › Dashboard page loads with correct title" classname="specs/02-dashboard.spec.ts" time="4.751">
<failure message="02-dashboard.spec.ts:13:7 Dashboard page loads with correct title" type="FAILURE">
<![CDATA[  [chromium] › specs/02-dashboard.spec.ts:13:7 › Dashboard Navigation › Dashboard page loads with correct title 

    Error: expect(received).toContain(expected) // indexOf

    Expected substring: "Dashboard"
    Received string:    "Comienza a usar CotizaPro"

      16 |
      17 |     const title = await dashboardPage.getPageTitle()
    > 18 |     expect(title).toContain('Dashboard')
         |                   ^
      19 |   })
      20 |
      21 |   test('Dashboard displays welcome message', async ({ page }) => {
        at /Users/mariobustosjmz/Desktop/claude/my-saas-app/e2e/specs/02-dashboard.spec.ts:18:19

    attachment #1: screenshot (image/png) ──────────────────────────────────────────────────────────
    ../test-results/specs-02-dashboard-Dashboa-effb9-ge-loads-with-correct-title-chromium/test-failed-1.png
    ────────────────────────────────────────────────────────────────────────────────────────────────

    attachment #2: video (video/webm) ──────────────────────────────────────────────────────────────
    ../test-results/specs-02-dashboard-Dashboa-effb9-ge-loads-with-correct-title-chromium/video.webm
    ────────────────────────────────────────────────────────────────────────────────────────────────

    Error Context: ../test-results/specs-02-dashboard-Dashboa-effb9-ge-loads-with-correct-title-chromium/error-context.md
]]>
</failure>
<system-out>
<![CDATA[
[[ATTACHMENT|specs-02-dashboard-Dashboa-effb9-ge-loads-with-correct-title-chromium/test-failed-1.png]]

[[ATTACHMENT|specs-02-dashboard-Dashboa-effb9-ge-loads-with-correct-title-chromium/video.webm]]

[[ATTACHMENT|specs-02-dashboard-Dashboa-effb9-ge-loads-with-correct-title-chromium/error-context.md]]
]]>
</system-out>
</testcase>
<testcase name="Dashboard Navigation › Dashboard displays welcome message" classname="specs/02-dashboard.spec.ts" time="4.79">
<failure message="02-dashboard.spec.ts:21:7 Dashboard displays welcome message" type="FAILURE">
<![CDATA[  [chromium] › specs/02-dashboard.spec.ts:21:7 › Dashboard Navigation › Dashboard displays welcome message 

    Error: locator.textContent: Error: strict mode violation: locator('p.text-gray-600') resolved to 5 elements:
        1) <p class="text-lg text-gray-600">Test Owner</p> aka getByText('Test Owner')
        2) <p class="text-sm text-gray-600">Personaliza tu informacion y preferencias</p> aka getByText('Personaliza tu informacion y')
        3) <p class="text-sm text-gray-600">Gestiona tu base de clientes y contactos</p> aka getByText('Gestiona tu base de clientes')
        4) <p class="text-sm text-gray-600">Genera cotizaciones profesionales en minutos</p> aka getByText('Genera cotizaciones')
        5) <p class="text-sm text-gray-600">Configura recordatorios automaticos para tus clie…</p> aka getByText('Configura recordatorios')

    Call log:
      - waiting for locator('p.text-gray-600')


       at pages/base.page.ts:23

      21 |
      22 |   async getText(locator: Locator): Promise<string> {
    > 23 |     return await locator.textContent() || ''
         |                          ^
      24 |   }
      25 |
      26 |   async isVisible(locator: Locator): Promise<boolean> {
        at DashboardPage.getText (/Users/mariobustosjmz/Desktop/claude/my-saas-app/e2e/pages/base.page.ts:23:26)
        at DashboardPage.getPageSubtitle (/Users/mariobustosjmz/Desktop/claude/my-saas-app/e2e/pages/dashboard.page.ts:18:23)
        at /Users/mariobustosjmz/Desktop/claude/my-saas-app/e2e/specs/02-dashboard.spec.ts:25:42

    attachment #1: screenshot (image/png) ──────────────────────────────────────────────────────────
    ../test-results/specs-02-dashboard-Dashboa-256eb-rd-displays-welcome-message-chromium/test-failed-1.png
    ────────────────────────────────────────────────────────────────────────────────────────────────

    attachment #2: video (video/webm) ──────────────────────────────────────────────────────────────
    ../test-results/specs-02-dashboard-Dashboa-256eb-rd-displays-welcome-message-chromium/video.webm
    ────────────────────────────────────────────────────────────────────────────────────────────────

    Error Context: ../test-results/specs-02-dashboard-Dashboa-256eb-rd-displays-welcome-message-chromium/error-context.md
]]>
</failure>
<system-out>
<![CDATA[
[[ATTACHMENT|specs-02-dashboard-Dashboa-256eb-rd-displays-welcome-message-chromium/test-failed-1.png]]

[[ATTACHMENT|specs-02-dashboard-Dashboa-256eb-rd-displays-welcome-message-chromium/video.webm]]

[[ATTACHMENT|specs-02-dashboard-Dashboa-256eb-rd-displays-welcome-message-chromium/error-context.md]]
]]>
</system-out>
</testcase>
<testcase name="Dashboard Navigation › User can navigate to Clients section" classname="specs/02-dashboard.spec.ts" time="4.353">
<failure message="02-dashboard.spec.ts:29:7 User can navigate to Clients section" type="FAILURE">
<![CDATA[  [chromium] › specs/02-dashboard.spec.ts:29:7 › Dashboard Navigation › User can navigate to Clients section 

    Error: locator.isVisible: Error: strict mode violation: locator('text=Clientes') resolved to 6 elements:
        1) <span>Clientes</span> aka getByRole('link', { name: 'Clientes' })
        2) <h2 class="text-2xl font-bold text-gray-900">Clientes</h2> aka getByRole('heading', { name: 'Clientes', exact: true })
        3) <p class="text-gray-600">Gestiona tu cartera de clientes</p> aka getByText('Gestiona tu cartera de')
        4) <h3 class="tracking-tight text-sm font-medium">Total Clientes</h3> aka getByRole('heading', { name: 'Total Clientes' })
        5) <h3 class="text-2xl font-semibold leading-none tracking-tight">Lista de Clientes</h3> aka getByRole('heading', { name: 'Lista de Clientes' })
        6) <h3 class="mt-2 text-sm font-medium text-gray-900">No hay clientes</h3> aka getByRole('heading', { name: 'No hay clientes' })

    Call log:
        - checking visibility of locator('text=Clientes')


       at pages/dashboard.page.ts:67

      65 |   // Navigation verification
      66 |   async isClientsSectionVisible(): Promise<boolean> {
    > 67 |     return await this.page.locator('text=Clientes').isVisible()
         |                                                     ^
      68 |   }
      69 |
      70 |   async isQuotesSectionVisible(): Promise<boolean> {
        at DashboardPage.isClientsSectionVisible (/Users/mariobustosjmz/Desktop/claude/my-saas-app/e2e/pages/dashboard.page.ts:67:53)
        at /Users/mariobustosjmz/Desktop/claude/my-saas-app/e2e/specs/02-dashboard.spec.ts:36:43

    attachment #1: screenshot (image/png) ──────────────────────────────────────────────────────────
    ../test-results/specs-02-dashboard-Dashboa-125a6-navigate-to-Clients-section-chromium/test-failed-1.png
    ────────────────────────────────────────────────────────────────────────────────────────────────

    attachment #2: video (video/webm) ──────────────────────────────────────────────────────────────
    ../test-results/specs-02-dashboard-Dashboa-125a6-navigate-to-Clients-section-chromium/video.webm
    ────────────────────────────────────────────────────────────────────────────────────────────────

    Error Context: ../test-results/specs-02-dashboard-Dashboa-125a6-navigate-to-Clients-section-chromium/error-context.md
]]>
</failure>
<system-out>
<![CDATA[
[[ATTACHMENT|specs-02-dashboard-Dashboa-125a6-navigate-to-Clients-section-chromium/test-failed-1.png]]

[[ATTACHMENT|specs-02-dashboard-Dashboa-125a6-navigate-to-Clients-section-chromium/video.webm]]

[[ATTACHMENT|specs-02-dashboard-Dashboa-125a6-navigate-to-Clients-section-chromium/error-context.md]]
]]>
</system-out>
</testcase>
<testcase name="Dashboard Navigation › User can navigate to Quotes section" classname="specs/02-dashboard.spec.ts" time="5.332">
<failure message="02-dashboard.spec.ts:40:7 User can navigate to Quotes section" type="FAILURE">
<![CDATA[  [chromium] › specs/02-dashboard.spec.ts:40:7 › Dashboard Navigation › User can navigate to Quotes section 

    Error: locator.isVisible: Error: strict mode violation: locator('text=Cotizaciones') resolved to 5 elements:
        1) <span>Cotizaciones</span> aka getByRole('link', { name: 'Cotizaciones' })
        2) <h2 class="text-2xl font-bold text-gray-900">Cotizaciones</h2> aka getByRole('heading', { name: 'Cotizaciones', exact: true })
        3) <p class="text-gray-600">Gestiona tus cotizaciones y propuestas</p> aka getByText('Gestiona tus cotizaciones y')
        4) <h3 class="text-2xl font-semibold leading-none tracking-tight">Lista de Cotizaciones</h3> aka getByRole('heading', { name: 'Lista de Cotizaciones' })
        5) <h3 class="mt-2 text-sm font-medium text-gray-900">No hay cotizaciones</h3> aka getByRole('heading', { name: 'No hay cotizaciones' })

    Call log:
        - checking visibility of locator('text=Cotizaciones')


       at pages/dashboard.page.ts:71

      69 |
      70 |   async isQuotesSectionVisible(): Promise<boolean> {
    > 71 |     return await this.page.locator('text=Cotizaciones').isVisible()
         |                                                         ^
      72 |   }
      73 |
      74 |   async isDashboardVisible(): Promise<boolean> {
        at DashboardPage.isQuotesSectionVisible (/Users/mariobustosjmz/Desktop/claude/my-saas-app/e2e/pages/dashboard.page.ts:71:57)
        at /Users/mariobustosjmz/Desktop/claude/my-saas-app/e2e/specs/02-dashboard.spec.ts:47:43

    attachment #1: screenshot (image/png) ──────────────────────────────────────────────────────────
    ../test-results/specs-02-dashboard-Dashboa-014d0--navigate-to-Quotes-section-chromium/test-failed-1.png
    ────────────────────────────────────────────────────────────────────────────────────────────────

    attachment #2: video (video/webm) ──────────────────────────────────────────────────────────────
    ../test-results/specs-02-dashboard-Dashboa-014d0--navigate-to-Quotes-section-chromium/video.webm
    ────────────────────────────────────────────────────────────────────────────────────────────────

    Error Context: ../test-results/specs-02-dashboard-Dashboa-014d0--navigate-to-Quotes-section-chromium/error-context.md
]]>
</failure>
<system-out>
<![CDATA[
[[ATTACHMENT|specs-02-dashboard-Dashboa-014d0--navigate-to-Quotes-section-chromium/test-failed-1.png]]

[[ATTACHMENT|specs-02-dashboard-Dashboa-014d0--navigate-to-Quotes-section-chromium/video.webm]]

[[ATTACHMENT|specs-02-dashboard-Dashboa-014d0--navigate-to-Quotes-section-chromium/error-context.md]]
]]>
</system-out>
</testcase>
<testcase name="Dashboard Navigation › User can navigate to Team section" classname="specs/02-dashboard.spec.ts" time="5.688">
</testcase>
<testcase name="Dashboard Navigation › User can navigate to Reminders section" classname="specs/02-dashboard.spec.ts" time="6.371">
</testcase>
<testcase name="Dashboard Navigation › User can navigate to Settings section" classname="specs/02-dashboard.spec.ts" time="5.691">
</testcase>
<testcase name="Dashboard Navigation › Dashboard displays stats cards" classname="specs/02-dashboard.spec.ts" time="14.821">
<failure message="02-dashboard.spec.ts:75:7 Dashboard displays stats cards" type="FAILURE">
<![CDATA[  [chromium] › specs/02-dashboard.spec.ts:75:7 › Dashboard Navigation › Dashboard displays stats cards 

    TimeoutError: locator.textContent: Timeout 10000ms exceeded.
    Call log:
      - waiting for locator('text=Total Clientes').locator('..').locator('div.text-2xl')


       at pages/base.page.ts:23

      21 |
      22 |   async getText(locator: Locator): Promise<string> {
    > 23 |     return await locator.textContent() || ''
         |                          ^
      24 |   }
      25 |
      26 |   async isVisible(locator: Locator): Promise<boolean> {
        at DashboardPage.getText (/Users/mariobustosjmz/Desktop/claude/my-saas-app/e2e/pages/base.page.ts:23:26)
        at DashboardPage.getTotalClientsCount (/Users/mariobustosjmz/Desktop/claude/my-saas-app/e2e/pages/dashboard.page.ts:81:23)
        at /Users/mariobustosjmz/Desktop/claude/my-saas-app/e2e/specs/02-dashboard.spec.ts:79:46

    attachment #1: screenshot (image/png) ──────────────────────────────────────────────────────────
    ../test-results/specs-02-dashboard-Dashboa-9ce08-hboard-displays-stats-cards-chromium/test-failed-1.png
    ────────────────────────────────────────────────────────────────────────────────────────────────

    attachment #2: video (video/webm) ──────────────────────────────────────────────────────────────
    ../test-results/specs-02-dashboard-Dashboa-9ce08-hboard-displays-stats-cards-chromium/video.webm
    ────────────────────────────────────────────────────────────────────────────────────────────────

    Error Context: ../test-results/specs-02-dashboard-Dashboa-9ce08-hboard-displays-stats-cards-chromium/error-context.md
]]>
</failure>
<system-out>
<![CDATA[
[[ATTACHMENT|specs-02-dashboard-Dashboa-9ce08-hboard-displays-stats-cards-chromium/test-failed-1.png]]

[[ATTACHMENT|specs-02-dashboard-Dashboa-9ce08-hboard-displays-stats-cards-chromium/video.webm]]

[[ATTACHMENT|specs-02-dashboard-Dashboa-9ce08-hboard-displays-stats-cards-chromium/error-context.md]]
]]>
</system-out>
</testcase>
<testcase name="Dashboard Navigation › Sidebar navigation is visible" classname="specs/02-dashboard.spec.ts" time="3.691">
</testcase>
<testcase name="Dashboard Navigation › Main content area is visible" classname="specs/02-dashboard.spec.ts" time="4.365">
</testcase>
<testcase name="Dashboard Navigation › User info is displayed in header" classname="specs/02-dashboard.spec.ts" time="4.176">
</testcase>
<testcase name="Dashboard Navigation › Navigation links have correct href attributes" classname="specs/02-dashboard.spec.ts" time="4.447">
</testcase>
<testcase name="Dashboard Navigation › Logo links back to dashboard/home" classname="specs/02-dashboard.spec.ts" time="3.706">
</testcase>
<testcase name="Dashboard Navigation › Mobile responsive navigation (mobile viewport)" classname="specs/02-dashboard.spec.ts" time="2.994">
</testcase>
</testsuite>
<testsuite name="specs/03-clients.spec.ts" timestamp="2026-02-15T05:52:32.997Z" hostname="chromium" tests="22" failures="12" skipped="0" time="128.663" errors="0">
<testcase name="Client Management › Clients page loads successfully" classname="specs/03-clients.spec.ts" time="3.395">
<failure message="03-clients.spec.ts:14:7 Clients page loads successfully" type="FAILURE">
<![CDATA[  [chromium] › specs/03-clients.spec.ts:14:7 › Client Management › Clients page loads successfully ─

    Error: locator.isVisible: Error: strict mode violation: locator('a[href="/dashboard/clients/new"]') resolved to 2 elements:
        1) <a href="/dashboard/clients/new">…</a> aka getByRole('link', { name: 'Nuevo Cliente' }).first()
        2) <a href="/dashboard/clients/new">…</a> aka getByRole('link', { name: 'Nuevo Cliente' }).nth(1)

    Call log:
        - checking visibility of locator('a[href="/dashboard/clients/new"]')


       at pages/clients.page.ts:122

      120 |
      121 |   async isNewClientButtonVisible(): Promise<boolean> {
    > 122 |     return await this.page.locator('a[href="/dashboard/clients/new"]').isVisible()
          |                                                                        ^
      123 |   }
      124 |
      125 |   async getEmptyStateText(): Promise<string> {
        at ClientsPage.isNewClientButtonVisible (/Users/mariobustosjmz/Desktop/claude/my-saas-app/e2e/pages/clients.page.ts:122:72)
        at /Users/mariobustosjmz/Desktop/claude/my-saas-app/e2e/specs/03-clients.spec.ts:19:41

    attachment #1: screenshot (image/png) ──────────────────────────────────────────────────────────
    ../test-results/specs-03-clients-Client-Ma-68c93-nts-page-loads-successfully-chromium/test-failed-1.png
    ────────────────────────────────────────────────────────────────────────────────────────────────

    attachment #2: video (video/webm) ──────────────────────────────────────────────────────────────
    ../test-results/specs-03-clients-Client-Ma-68c93-nts-page-loads-successfully-chromium/video.webm
    ────────────────────────────────────────────────────────────────────────────────────────────────

    Error Context: ../test-results/specs-03-clients-Client-Ma-68c93-nts-page-loads-successfully-chromium/error-context.md
]]>
</failure>
<system-out>
<![CDATA[
[[ATTACHMENT|specs-03-clients-Client-Ma-68c93-nts-page-loads-successfully-chromium/test-failed-1.png]]

[[ATTACHMENT|specs-03-clients-Client-Ma-68c93-nts-page-loads-successfully-chromium/video.webm]]

[[ATTACHMENT|specs-03-clients-Client-Ma-68c93-nts-page-loads-successfully-chromium/error-context.md]]
]]>
</system-out>
</testcase>
<testcase name="Client Management › New Client button navigates to form" classname="specs/03-clients.spec.ts" time="3.37">
<failure message="03-clients.spec.ts:23:7 New Client button navigates to form" type="FAILURE">
<![CDATA[  [chromium] › specs/03-clients.spec.ts:23:7 › Client Management › New Client button navigates to form 

    Error: locator.click: Error: strict mode violation: locator('a[href="/dashboard/clients/new"]') resolved to 2 elements:
        1) <a href="/dashboard/clients/new">…</a> aka getByRole('link', { name: 'Nuevo Cliente' }).first()
        2) <a href="/dashboard/clients/new">…</a> aka getByRole('link', { name: 'Nuevo Cliente' }).nth(1)

    Call log:
      - waiting for locator('a[href="/dashboard/clients/new"]')


      25 |     await clientsPage.goto()
      26 |
    > 27 |     await page.locator('a[href="/dashboard/clients/new"]').click()
         |                                                            ^
      28 |     expect(page.url()).toContain('/dashboard/clients/new')
      29 |   })
      30 |
        at /Users/mariobustosjmz/Desktop/claude/my-saas-app/e2e/specs/03-clients.spec.ts:27:60

    attachment #1: screenshot (image/png) ──────────────────────────────────────────────────────────
    ../test-results/specs-03-clients-Client-Ma-0f4ef-nt-button-navigates-to-form-chromium/test-failed-1.png
    ────────────────────────────────────────────────────────────────────────────────────────────────

    attachment #2: video (video/webm) ──────────────────────────────────────────────────────────────
    ../test-results/specs-03-clients-Client-Ma-0f4ef-nt-button-navigates-to-form-chromium/video.webm
    ────────────────────────────────────────────────────────────────────────────────────────────────

    Error Context: ../test-results/specs-03-clients-Client-Ma-0f4ef-nt-button-navigates-to-form-chromium/error-context.md
]]>
</failure>
<system-out>
<![CDATA[
[[ATTACHMENT|specs-03-clients-Client-Ma-0f4ef-nt-button-navigates-to-form-chromium/test-failed-1.png]]

[[ATTACHMENT|specs-03-clients-Client-Ma-0f4ef-nt-button-navigates-to-form-chromium/video.webm]]

[[ATTACHMENT|specs-03-clients-Client-Ma-0f4ef-nt-button-navigates-to-form-chromium/error-context.md]]
]]>
</system-out>
</testcase>
<testcase name="Client Management › Create client with all fields" classname="specs/03-clients.spec.ts" time="9.076">
<failure message="03-clients.spec.ts:31:7 Create client with all fields" type="FAILURE">
<![CDATA[  [chromium] › specs/03-clients.spec.ts:31:7 › Client Management › Create client with all fields ───

    TimeoutError: page.waitForURL: Timeout 5000ms exceeded.
    =========================== logs ===========================
    waiting for navigation to "**/dashboard/clients" until "load"
    ============================================================

       at pages/clients.page.ts:54

      52 |   async submitClientForm() {
      53 |     await this.page.locator('button[type="submit"]:has-text("Crear"), button[type="submit"]:has-text("Guardar")').click()
    > 54 |     await this.page.waitForURL('**/dashboard/clients', { timeout: 5000 })
         |                     ^
      55 |   }
      56 |
      57 |   async createClient(data: {
        at ClientsPage.submitClientForm (/Users/mariobustosjmz/Desktop/claude/my-saas-app/e2e/pages/clients.page.ts:54:21)
        at ClientsPage.createClient (/Users/mariobustosjmz/Desktop/claude/my-saas-app/e2e/pages/clients.page.ts:65:5)
        at /Users/mariobustosjmz/Desktop/claude/my-saas-app/e2e/specs/03-clients.spec.ts:33:5

    attachment #1: screenshot (image/png) ──────────────────────────────────────────────────────────
    ../test-results/specs-03-clients-Client-Ma-ee166-eate-client-with-all-fields-chromium/test-failed-1.png
    ────────────────────────────────────────────────────────────────────────────────────────────────

    attachment #2: video (video/webm) ──────────────────────────────────────────────────────────────
    ../test-results/specs-03-clients-Client-Ma-ee166-eate-client-with-all-fields-chromium/video.webm
    ────────────────────────────────────────────────────────────────────────────────────────────────

    Error Context: ../test-results/specs-03-clients-Client-Ma-ee166-eate-client-with-all-fields-chromium/error-context.md
]]>
</failure>
<system-out>
<![CDATA[
[[ATTACHMENT|specs-03-clients-Client-Ma-ee166-eate-client-with-all-fields-chromium/test-failed-1.png]]

[[ATTACHMENT|specs-03-clients-Client-Ma-ee166-eate-client-with-all-fields-chromium/video.webm]]

[[ATTACHMENT|specs-03-clients-Client-Ma-ee166-eate-client-with-all-fields-chromium/error-context.md]]
]]>
</system-out>
</testcase>
<testcase name="Client Management › Create client with minimal fields" classname="specs/03-clients.spec.ts" time="8.798">
<failure message="03-clients.spec.ts:39:7 Create client with minimal fields" type="FAILURE">
<![CDATA[  [chromium] › specs/03-clients.spec.ts:39:7 › Client Management › Create client with minimal fields 

    TimeoutError: page.waitForURL: Timeout 5000ms exceeded.
    =========================== logs ===========================
    waiting for navigation to "**/dashboard/clients" until "load"
    ============================================================

       at pages/clients.page.ts:54

      52 |   async submitClientForm() {
      53 |     await this.page.locator('button[type="submit"]:has-text("Crear"), button[type="submit"]:has-text("Guardar")').click()
    > 54 |     await this.page.waitForURL('**/dashboard/clients', { timeout: 5000 })
         |                     ^
      55 |   }
      56 |
      57 |   async createClient(data: {
        at ClientsPage.submitClientForm (/Users/mariobustosjmz/Desktop/claude/my-saas-app/e2e/pages/clients.page.ts:54:21)
        at ClientsPage.createClient (/Users/mariobustosjmz/Desktop/claude/my-saas-app/e2e/pages/clients.page.ts:65:5)
        at /Users/mariobustosjmz/Desktop/claude/my-saas-app/e2e/specs/03-clients.spec.ts:45:5

    attachment #1: screenshot (image/png) ──────────────────────────────────────────────────────────
    ../test-results/specs-03-clients-Client-Ma-74339--client-with-minimal-fields-chromium/test-failed-1.png
    ────────────────────────────────────────────────────────────────────────────────────────────────

    attachment #2: video (video/webm) ──────────────────────────────────────────────────────────────
    ../test-results/specs-03-clients-Client-Ma-74339--client-with-minimal-fields-chromium/video.webm
    ────────────────────────────────────────────────────────────────────────────────────────────────

    Error Context: ../test-results/specs-03-clients-Client-Ma-74339--client-with-minimal-fields-chromium/error-context.md
]]>
</failure>
<system-out>
<![CDATA[
[[ATTACHMENT|specs-03-clients-Client-Ma-74339--client-with-minimal-fields-chromium/test-failed-1.png]]

[[ATTACHMENT|specs-03-clients-Client-Ma-74339--client-with-minimal-fields-chromium/video.webm]]

[[ATTACHMENT|specs-03-clients-Client-Ma-74339--client-with-minimal-fields-chromium/error-context.md]]
]]>
</system-out>
</testcase>
<testcase name="Client Management › Client list displays correctly" classname="specs/03-clients.spec.ts" time="3.33">
</testcase>
<testcase name="Client Management › Empty state shown when no clients" classname="specs/03-clients.spec.ts" time="4.349">
</testcase>
<testcase name="Client Management › Total clients count updates after creating client" classname="specs/03-clients.spec.ts" time="14.613">
<failure message="03-clients.spec.ts:72:7 Total clients count updates after creating client" type="FAILURE">
<![CDATA[  [chromium] › specs/03-clients.spec.ts:72:7 › Client Management › Total clients count updates after creating client 

    TimeoutError: locator.textContent: Timeout 10000ms exceeded.
    Call log:
      - waiting for locator('text=Total Clientes').locator('..').locator('div.text-2xl')


       at pages/base.page.ts:23

      21 |
      22 |   async getText(locator: Locator): Promise<string> {
    > 23 |     return await locator.textContent() || ''
         |                          ^
      24 |   }
      25 |
      26 |   async isVisible(locator: Locator): Promise<boolean> {
        at ClientsPage.getText (/Users/mariobustosjmz/Desktop/claude/my-saas-app/e2e/pages/base.page.ts:23:26)
        at ClientsPage.getTotalClientCount (/Users/mariobustosjmz/Desktop/claude/my-saas-app/e2e/pages/clients.page.ts:75:29)
        at /Users/mariobustosjmz/Desktop/claude/my-saas-app/e2e/specs/03-clients.spec.ts:76:43

    attachment #1: screenshot (image/png) ──────────────────────────────────────────────────────────
    ../test-results/specs-03-clients-Client-Ma-9398d-dates-after-creating-client-chromium/test-failed-1.png
    ────────────────────────────────────────────────────────────────────────────────────────────────

    attachment #2: video (video/webm) ──────────────────────────────────────────────────────────────
    ../test-results/specs-03-clients-Client-Ma-9398d-dates-after-creating-client-chromium/video.webm
    ────────────────────────────────────────────────────────────────────────────────────────────────

    Error Context: ../test-results/specs-03-clients-Client-Ma-9398d-dates-after-creating-client-chromium/error-context.md
]]>
</failure>
<system-out>
<![CDATA[
[[ATTACHMENT|specs-03-clients-Client-Ma-9398d-dates-after-creating-client-chromium/test-failed-1.png]]

[[ATTACHMENT|specs-03-clients-Client-Ma-9398d-dates-after-creating-client-chromium/video.webm]]

[[ATTACHMENT|specs-03-clients-Client-Ma-9398d-dates-after-creating-client-chromium/error-context.md]]
]]>
</system-out>
</testcase>
<testcase name="Client Management › Client form has required name field" classname="specs/03-clients.spec.ts" time="5.04">
</testcase>
<testcase name="Client Management › Client email is validated" classname="specs/03-clients.spec.ts" time="4.276">
</testcase>
<testcase name="Client Management › Client phone format is validated" classname="specs/03-clients.spec.ts" time="3.159">
</testcase>
<testcase name="Client Management › Click on client row navigates to details" classname="specs/03-clients.spec.ts" time="3.783">
</testcase>
<testcase name="Client Management › Client table displays all columns" classname="specs/03-clients.spec.ts" time="3.716">
</testcase>
<testcase name="Client Management › Multiple clients can be created" classname="specs/03-clients.spec.ts" time="8.017">
<failure message="03-clients.spec.ts:148:7 Multiple clients can be created" type="FAILURE">
<![CDATA[  [chromium] › specs/03-clients.spec.ts:148:7 › Client Management › Multiple clients can be created 

    TimeoutError: page.waitForURL: Timeout 5000ms exceeded.
    =========================== logs ===========================
    waiting for navigation to "**/dashboard/clients" until "load"
    ============================================================

       at pages/clients.page.ts:54

      52 |   async submitClientForm() {
      53 |     await this.page.locator('button[type="submit"]:has-text("Crear"), button[type="submit"]:has-text("Guardar")').click()
    > 54 |     await this.page.waitForURL('**/dashboard/clients', { timeout: 5000 })
         |                     ^
      55 |   }
      56 |
      57 |   async createClient(data: {
        at ClientsPage.submitClientForm (/Users/mariobustosjmz/Desktop/claude/my-saas-app/e2e/pages/clients.page.ts:54:21)
        at ClientsPage.createClient (/Users/mariobustosjmz/Desktop/claude/my-saas-app/e2e/pages/clients.page.ts:65:5)
        at /Users/mariobustosjmz/Desktop/claude/my-saas-app/e2e/specs/03-clients.spec.ts:161:5

    attachment #1: screenshot (image/png) ──────────────────────────────────────────────────────────
    ../test-results/specs-03-clients-Client-Ma-3ee75-iple-clients-can-be-created-chromium/test-failed-1.png
    ────────────────────────────────────────────────────────────────────────────────────────────────

    attachment #2: video (video/webm) ──────────────────────────────────────────────────────────────
    ../test-results/specs-03-clients-Client-Ma-3ee75-iple-clients-can-be-created-chromium/video.webm
    ────────────────────────────────────────────────────────────────────────────────────────────────

    Error Context: ../test-results/specs-03-clients-Client-Ma-3ee75-iple-clients-can-be-created-chromium/error-context.md
]]>
</failure>
<system-out>
<![CDATA[
[[ATTACHMENT|specs-03-clients-Client-Ma-3ee75-iple-clients-can-be-created-chromium/test-failed-1.png]]

[[ATTACHMENT|specs-03-clients-Client-Ma-3ee75-iple-clients-can-be-created-chromium/video.webm]]

[[ATTACHMENT|specs-03-clients-Client-Ma-3ee75-iple-clients-can-be-created-chromium/error-context.md]]
]]>
</system-out>
</testcase>
<testcase name="Client Management › Client form submission shows loading state" classname="specs/03-clients.spec.ts" time="7.634">
<failure message="03-clients.spec.ts:171:7 Client form submission shows loading state" type="FAILURE">
<![CDATA[  [chromium] › specs/03-clients.spec.ts:171:7 › Client Management › Client form submission shows loading state 

    TimeoutError: page.waitForURL: Timeout 5000ms exceeded.
    =========================== logs ===========================
    waiting for navigation to "**/dashboard/clients" until "load"
    ============================================================

       at pages/clients.page.ts:54

      52 |   async submitClientForm() {
      53 |     await this.page.locator('button[type="submit"]:has-text("Crear"), button[type="submit"]:has-text("Guardar")').click()
    > 54 |     await this.page.waitForURL('**/dashboard/clients', { timeout: 5000 })
         |                     ^
      55 |   }
      56 |
      57 |   async createClient(data: {
        at ClientsPage.submitClientForm (/Users/mariobustosjmz/Desktop/claude/my-saas-app/e2e/pages/clients.page.ts:54:21)
        at /Users/mariobustosjmz/Desktop/claude/my-saas-app/e2e/specs/03-clients.spec.ts:182:5

    attachment #1: screenshot (image/png) ──────────────────────────────────────────────────────────
    ../test-results/specs-03-clients-Client-Ma-637ed-mission-shows-loading-state-chromium/test-failed-1.png
    ────────────────────────────────────────────────────────────────────────────────────────────────

    attachment #2: video (video/webm) ──────────────────────────────────────────────────────────────
    ../test-results/specs-03-clients-Client-Ma-637ed-mission-shows-loading-state-chromium/video.webm
    ────────────────────────────────────────────────────────────────────────────────────────────────

    Error Context: ../test-results/specs-03-clients-Client-Ma-637ed-mission-shows-loading-state-chromium/error-context.md
]]>
</failure>
<system-out>
<![CDATA[
[[ATTACHMENT|specs-03-clients-Client-Ma-637ed-mission-shows-loading-state-chromium/test-failed-1.png]]

[[ATTACHMENT|specs-03-clients-Client-Ma-637ed-mission-shows-loading-state-chromium/video.webm]]

[[ATTACHMENT|specs-03-clients-Client-Ma-637ed-mission-shows-loading-state-chromium/error-context.md]]
]]>
</system-out>
</testcase>
<testcase name="Client Management › Client table has proper accessibility labels" classname="specs/03-clients.spec.ts" time="2.943">
<failure message="03-clients.spec.ts:187:7 Client table has proper accessibility labels" type="FAILURE">
<![CDATA[  [chromium] › specs/03-clients.spec.ts:187:7 › Client Management › Client table has proper accessibility labels 

    Error: expect(received).toBeTruthy()

    Received: false

      190 |
      191 |     const table = page.locator('table')
    > 192 |     expect(await table.isVisible()).toBeTruthy()
          |                                     ^
      193 |
      194 |     const thead = page.locator('thead')
      195 |     expect(await thead.isVisible()).toBeTruthy()
        at /Users/mariobustosjmz/Desktop/claude/my-saas-app/e2e/specs/03-clients.spec.ts:192:37

    attachment #1: screenshot (image/png) ──────────────────────────────────────────────────────────
    ../test-results/specs-03-clients-Client-Ma-cda64-proper-accessibility-labels-chromium/test-failed-1.png
    ────────────────────────────────────────────────────────────────────────────────────────────────

    attachment #2: video (video/webm) ──────────────────────────────────────────────────────────────
    ../test-results/specs-03-clients-Client-Ma-cda64-proper-accessibility-labels-chromium/video.webm
    ────────────────────────────────────────────────────────────────────────────────────────────────

    Error Context: ../test-results/specs-03-clients-Client-Ma-cda64-proper-accessibility-labels-chromium/error-context.md
]]>
</failure>
<system-out>
<![CDATA[
[[ATTACHMENT|specs-03-clients-Client-Ma-cda64-proper-accessibility-labels-chromium/test-failed-1.png]]

[[ATTACHMENT|specs-03-clients-Client-Ma-cda64-proper-accessibility-labels-chromium/video.webm]]

[[ATTACHMENT|specs-03-clients-Client-Ma-cda64-proper-accessibility-labels-chromium/error-context.md]]
]]>
</system-out>
</testcase>
<testcase name="Client Management › Update client information" classname="specs/03-clients.spec.ts" time="8.806">
<failure message="03-clients.spec.ts:201:7 Update client information" type="FAILURE">
<![CDATA[  [chromium] › specs/03-clients.spec.ts:201:7 › Client Management › Update client information ──────

    TimeoutError: page.waitForURL: Timeout 5000ms exceeded.
    =========================== logs ===========================
    waiting for navigation to "**/dashboard/clients" until "load"
    ============================================================

       at pages/clients.page.ts:54

      52 |   async submitClientForm() {
      53 |     await this.page.locator('button[type="submit"]:has-text("Crear"), button[type="submit"]:has-text("Guardar")').click()
    > 54 |     await this.page.waitForURL('**/dashboard/clients', { timeout: 5000 })
         |                     ^
      55 |   }
      56 |
      57 |   async createClient(data: {
        at ClientsPage.submitClientForm (/Users/mariobustosjmz/Desktop/claude/my-saas-app/e2e/pages/clients.page.ts:54:21)
        at ClientsPage.createClient (/Users/mariobustosjmz/Desktop/claude/my-saas-app/e2e/pages/clients.page.ts:65:5)
        at /Users/mariobustosjmz/Desktop/claude/my-saas-app/e2e/specs/03-clients.spec.ts:210:5

    attachment #1: screenshot (image/png) ──────────────────────────────────────────────────────────
    ../test-results/specs-03-clients-Client-Management-Update-client-information-chromium/test-failed-1.png
    ────────────────────────────────────────────────────────────────────────────────────────────────

    attachment #2: video (video/webm) ──────────────────────────────────────────────────────────────
    ../test-results/specs-03-clients-Client-Management-Update-client-information-chromium/video.webm
    ────────────────────────────────────────────────────────────────────────────────────────────────

    Error Context: ../test-results/specs-03-clients-Client-Management-Update-client-information-chromium/error-context.md
]]>
</failure>
<system-out>
<![CDATA[
[[ATTACHMENT|specs-03-clients-Client-Management-Update-client-information-chromium/test-failed-1.png]]

[[ATTACHMENT|specs-03-clients-Client-Management-Update-client-information-chromium/video.webm]]

[[ATTACHMENT|specs-03-clients-Client-Management-Update-client-information-chromium/error-context.md]]
]]>
</system-out>
</testcase>
<testcase name="Client Management › Delete client with confirmation" classname="specs/03-clients.spec.ts" time="8">
<failure message="03-clients.spec.ts:221:7 Delete client with confirmation" type="FAILURE">
<![CDATA[  [chromium] › specs/03-clients.spec.ts:221:7 › Client Management › Delete client with confirmation 

    TimeoutError: page.waitForURL: Timeout 5000ms exceeded.
    =========================== logs ===========================
    waiting for navigation to "**/dashboard/clients" until "load"
    ============================================================

       at pages/clients.page.ts:54

      52 |   async submitClientForm() {
      53 |     await this.page.locator('button[type="submit"]:has-text("Crear"), button[type="submit"]:has-text("Guardar")').click()
    > 54 |     await this.page.waitForURL('**/dashboard/clients', { timeout: 5000 })
         |                     ^
      55 |   }
      56 |
      57 |   async createClient(data: {
        at ClientsPage.submitClientForm (/Users/mariobustosjmz/Desktop/claude/my-saas-app/e2e/pages/clients.page.ts:54:21)
        at ClientsPage.createClient (/Users/mariobustosjmz/Desktop/claude/my-saas-app/e2e/pages/clients.page.ts:65:5)
        at /Users/mariobustosjmz/Desktop/claude/my-saas-app/e2e/specs/03-clients.spec.ts:229:5

    attachment #1: screenshot (image/png) ──────────────────────────────────────────────────────────
    ../test-results/specs-03-clients-Client-Ma-f83c9-te-client-with-confirmation-chromium/test-failed-1.png
    ────────────────────────────────────────────────────────────────────────────────────────────────

    attachment #2: video (video/webm) ──────────────────────────────────────────────────────────────
    ../test-results/specs-03-clients-Client-Ma-f83c9-te-client-with-confirmation-chromium/video.webm
    ────────────────────────────────────────────────────────────────────────────────────────────────

    Error Context: ../test-results/specs-03-clients-Client-Ma-f83c9-te-client-with-confirmation-chromium/error-context.md
]]>
</failure>
<system-out>
<![CDATA[
[[ATTACHMENT|specs-03-clients-Client-Ma-f83c9-te-client-with-confirmation-chromium/test-failed-1.png]]

[[ATTACHMENT|specs-03-clients-Client-Ma-f83c9-te-client-with-confirmation-chromium/video.webm]]

[[ATTACHMENT|specs-03-clients-Client-Ma-f83c9-te-client-with-confirmation-chromium/error-context.md]]
]]>
</system-out>
</testcase>
<testcase name="Client Management › Search/filter clients by name" classname="specs/03-clients.spec.ts" time="2.369">
</testcase>
<testcase name="Client Management › Clear search filter shows all clients" classname="specs/03-clients.spec.ts" time="2.662">
</testcase>
<testcase name="Client Management › Client pagination works (if applicable)" classname="specs/03-clients.spec.ts" time="4.114">
</testcase>
<testcase name="Client Management › Client with tags displays correctly" classname="specs/03-clients.spec.ts" time="8.069">
<failure message="03-clients.spec.ts:296:7 Client with tags displays correctly" type="FAILURE">
<![CDATA[  [chromium] › specs/03-clients.spec.ts:296:7 › Client Management › Client with tags displays correctly 

    TimeoutError: page.waitForURL: Timeout 5000ms exceeded.
    =========================== logs ===========================
    waiting for navigation to "**/dashboard/clients" until "load"
    ============================================================

       at pages/clients.page.ts:54

      52 |   async submitClientForm() {
      53 |     await this.page.locator('button[type="submit"]:has-text("Crear"), button[type="submit"]:has-text("Guardar")').click()
    > 54 |     await this.page.waitForURL('**/dashboard/clients', { timeout: 5000 })
         |                     ^
      55 |   }
      56 |
      57 |   async createClient(data: {
        at ClientsPage.submitClientForm (/Users/mariobustosjmz/Desktop/claude/my-saas-app/e2e/pages/clients.page.ts:54:21)
        at ClientsPage.createClient (/Users/mariobustosjmz/Desktop/claude/my-saas-app/e2e/pages/clients.page.ts:65:5)
        at /Users/mariobustosjmz/Desktop/claude/my-saas-app/e2e/specs/03-clients.spec.ts:305:5

    attachment #1: screenshot (image/png) ──────────────────────────────────────────────────────────
    ../test-results/specs-03-clients-Client-Ma-325a8-ith-tags-displays-correctly-chromium/test-failed-1.png
    ────────────────────────────────────────────────────────────────────────────────────────────────

    attachment #2: video (video/webm) ──────────────────────────────────────────────────────────────
    ../test-results/specs-03-clients-Client-Ma-325a8-ith-tags-displays-correctly-chromium/video.webm
    ────────────────────────────────────────────────────────────────────────────────────────────────

    Error Context: ../test-results/specs-03-clients-Client-Ma-325a8-ith-tags-displays-correctly-chromium/error-context.md
]]>
</failure>
<system-out>
<![CDATA[
[[ATTACHMENT|specs-03-clients-Client-Ma-325a8-ith-tags-displays-correctly-chromium/test-failed-1.png]]

[[ATTACHMENT|specs-03-clients-Client-Ma-325a8-ith-tags-displays-correctly-chromium/video.webm]]

[[ATTACHMENT|specs-03-clients-Client-Ma-325a8-ith-tags-displays-correctly-chromium/error-context.md]]
]]>
</system-out>
</testcase>
<testcase name="Client Management › Client address is displayed in list" classname="specs/03-clients.spec.ts" time="9.144">
<failure message="03-clients.spec.ts:311:7 Client address is displayed in list" type="FAILURE">
<![CDATA[  [chromium] › specs/03-clients.spec.ts:311:7 › Client Management › Client address is displayed in list 

    TimeoutError: page.waitForURL: Timeout 5000ms exceeded.
    =========================== logs ===========================
    waiting for navigation to "**/dashboard/clients" until "load"
    ============================================================

       at pages/clients.page.ts:54

      52 |   async submitClientForm() {
      53 |     await this.page.locator('button[type="submit"]:has-text("Crear"), button[type="submit"]:has-text("Guardar")').click()
    > 54 |     await this.page.waitForURL('**/dashboard/clients', { timeout: 5000 })
         |                     ^
      55 |   }
      56 |
      57 |   async createClient(data: {
        at ClientsPage.submitClientForm (/Users/mariobustosjmz/Desktop/claude/my-saas-app/e2e/pages/clients.page.ts:54:21)
        at ClientsPage.createClient (/Users/mariobustosjmz/Desktop/claude/my-saas-app/e2e/pages/clients.page.ts:65:5)
        at /Users/mariobustosjmz/Desktop/claude/my-saas-app/e2e/specs/03-clients.spec.ts:320:5

    attachment #1: screenshot (image/png) ──────────────────────────────────────────────────────────
    ../test-results/specs-03-clients-Client-Ma-c2f57-ddress-is-displayed-in-list-chromium/test-failed-1.png
    ────────────────────────────────────────────────────────────────────────────────────────────────

    attachment #2: video (video/webm) ──────────────────────────────────────────────────────────────
    ../test-results/specs-03-clients-Client-Ma-c2f57-ddress-is-displayed-in-list-chromium/video.webm
    ────────────────────────────────────────────────────────────────────────────────────────────────

    Error Context: ../test-results/specs-03-clients-Client-Ma-c2f57-ddress-is-displayed-in-list-chromium/error-context.md
]]>
</failure>
<system-out>
<![CDATA[
[[ATTACHMENT|specs-03-clients-Client-Ma-c2f57-ddress-is-displayed-in-list-chromium/test-failed-1.png]]

[[ATTACHMENT|specs-03-clients-Client-Ma-c2f57-ddress-is-displayed-in-list-chromium/video.webm]]

[[ATTACHMENT|specs-03-clients-Client-Ma-c2f57-ddress-is-displayed-in-list-chromium/error-context.md]]
]]>
</system-out>
</testcase>
</testsuite>
<testsuite name="specs/04-quotes.spec.ts" timestamp="2026-02-15T05:52:32.997Z" hostname="chromium" tests="24" failures="24" skipped="0" time="216.3" errors="0">
<testcase name="Quote Management › Quotes page loads successfully" classname="specs/04-quotes.spec.ts" time="9.589">
<failure message="04-quotes.spec.ts:24:7 Quotes page loads successfully" type="FAILURE">
<![CDATA[  [chromium] › specs/04-quotes.spec.ts:24:7 › Quote Management › Quotes page loads successfully ────

    TimeoutError: page.waitForURL: Timeout 5000ms exceeded.
    =========================== logs ===========================
    waiting for navigation to "**/dashboard/clients" until "load"
    ============================================================

       at pages/clients.page.ts:54

      52 |   async submitClientForm() {
      53 |     await this.page.locator('button[type="submit"]:has-text("Crear"), button[type="submit"]:has-text("Guardar")').click()
    > 54 |     await this.page.waitForURL('**/dashboard/clients', { timeout: 5000 })
         |                     ^
      55 |   }
      56 |
      57 |   async createClient(data: {
        at ClientsPage.submitClientForm (/Users/mariobustosjmz/Desktop/claude/my-saas-app/e2e/pages/clients.page.ts:54:21)
        at ClientsPage.createClient (/Users/mariobustosjmz/Desktop/claude/my-saas-app/e2e/pages/clients.page.ts:65:5)
        at /Users/mariobustosjmz/Desktop/claude/my-saas-app/e2e/specs/04-quotes.spec.ts:18:5

    attachment #1: screenshot (image/png) ──────────────────────────────────────────────────────────
    ../test-results/specs-04-quotes-Quote-Mana-6445a-tes-page-loads-successfully-chromium/test-failed-1.png
    ────────────────────────────────────────────────────────────────────────────────────────────────

    attachment #2: video (video/webm) ──────────────────────────────────────────────────────────────
    ../test-results/specs-04-quotes-Quote-Mana-6445a-tes-page-loads-successfully-chromium/video.webm
    ────────────────────────────────────────────────────────────────────────────────────────────────

    Error Context: ../test-results/specs-04-quotes-Quote-Mana-6445a-tes-page-loads-successfully-chromium/error-context.md
]]>
</failure>
<system-out>
<![CDATA[
[[ATTACHMENT|specs-04-quotes-Quote-Mana-6445a-tes-page-loads-successfully-chromium/test-failed-1.png]]

[[ATTACHMENT|specs-04-quotes-Quote-Mana-6445a-tes-page-loads-successfully-chromium/video.webm]]

[[ATTACHMENT|specs-04-quotes-Quote-Mana-6445a-tes-page-loads-successfully-chromium/error-context.md]]
]]>
</system-out>
</testcase>
<testcase name="Quote Management › New Quote button navigates to form" classname="specs/04-quotes.spec.ts" time="9.588">
<failure message="04-quotes.spec.ts:33:7 New Quote button navigates to form" type="FAILURE">
<![CDATA[  [chromium] › specs/04-quotes.spec.ts:33:7 › Quote Management › New Quote button navigates to form 

    TimeoutError: page.waitForURL: Timeout 5000ms exceeded.
    =========================== logs ===========================
    waiting for navigation to "**/dashboard/clients" until "load"
    ============================================================

       at pages/clients.page.ts:54

      52 |   async submitClientForm() {
      53 |     await this.page.locator('button[type="submit"]:has-text("Crear"), button[type="submit"]:has-text("Guardar")').click()
    > 54 |     await this.page.waitForURL('**/dashboard/clients', { timeout: 5000 })
         |                     ^
      55 |   }
      56 |
      57 |   async createClient(data: {
        at ClientsPage.submitClientForm (/Users/mariobustosjmz/Desktop/claude/my-saas-app/e2e/pages/clients.page.ts:54:21)
        at ClientsPage.createClient (/Users/mariobustosjmz/Desktop/claude/my-saas-app/e2e/pages/clients.page.ts:65:5)
        at /Users/mariobustosjmz/Desktop/claude/my-saas-app/e2e/specs/04-quotes.spec.ts:18:5

    attachment #1: screenshot (image/png) ──────────────────────────────────────────────────────────
    ../test-results/specs-04-quotes-Quote-Mana-6d618-te-button-navigates-to-form-chromium/test-failed-1.png
    ────────────────────────────────────────────────────────────────────────────────────────────────

    attachment #2: video (video/webm) ──────────────────────────────────────────────────────────────
    ../test-results/specs-04-quotes-Quote-Mana-6d618-te-button-navigates-to-form-chromium/video.webm
    ────────────────────────────────────────────────────────────────────────────────────────────────

    Error Context: ../test-results/specs-04-quotes-Quote-Mana-6d618-te-button-navigates-to-form-chromium/error-context.md
]]>
</failure>
<system-out>
<![CDATA[
[[ATTACHMENT|specs-04-quotes-Quote-Mana-6d618-te-button-navigates-to-form-chromium/test-failed-1.png]]

[[ATTACHMENT|specs-04-quotes-Quote-Mana-6d618-te-button-navigates-to-form-chromium/video.webm]]

[[ATTACHMENT|specs-04-quotes-Quote-Mana-6d618-te-button-navigates-to-form-chromium/error-context.md]]
]]>
</system-out>
</testcase>
<testcase name="Quote Management › Quote form loads with required fields" classname="specs/04-quotes.spec.ts" time="8.734">
<failure message="04-quotes.spec.ts:41:7 Quote form loads with required fields" type="FAILURE">
<![CDATA[  [chromium] › specs/04-quotes.spec.ts:41:7 › Quote Management › Quote form loads with required fields 

    TimeoutError: page.waitForURL: Timeout 5000ms exceeded.
    =========================== logs ===========================
    waiting for navigation to "**/dashboard/clients" until "load"
    ============================================================

       at pages/clients.page.ts:54

      52 |   async submitClientForm() {
      53 |     await this.page.locator('button[type="submit"]:has-text("Crear"), button[type="submit"]:has-text("Guardar")').click()
    > 54 |     await this.page.waitForURL('**/dashboard/clients', { timeout: 5000 })
         |                     ^
      55 |   }
      56 |
      57 |   async createClient(data: {
        at ClientsPage.submitClientForm (/Users/mariobustosjmz/Desktop/claude/my-saas-app/e2e/pages/clients.page.ts:54:21)
        at ClientsPage.createClient (/Users/mariobustosjmz/Desktop/claude/my-saas-app/e2e/pages/clients.page.ts:65:5)
        at /Users/mariobustosjmz/Desktop/claude/my-saas-app/e2e/specs/04-quotes.spec.ts:18:5

    attachment #1: screenshot (image/png) ──────────────────────────────────────────────────────────
    ../test-results/specs-04-quotes-Quote-Mana-690c2--loads-with-required-fields-chromium/test-failed-1.png
    ────────────────────────────────────────────────────────────────────────────────────────────────

    attachment #2: video (video/webm) ──────────────────────────────────────────────────────────────
    ../test-results/specs-04-quotes-Quote-Mana-690c2--loads-with-required-fields-chromium/video.webm
    ────────────────────────────────────────────────────────────────────────────────────────────────

    Error Context: ../test-results/specs-04-quotes-Quote-Mana-690c2--loads-with-required-fields-chromium/error-context.md
]]>
</failure>
<system-out>
<![CDATA[
[[ATTACHMENT|specs-04-quotes-Quote-Mana-690c2--loads-with-required-fields-chromium/test-failed-1.png]]

[[ATTACHMENT|specs-04-quotes-Quote-Mana-690c2--loads-with-required-fields-chromium/video.webm]]

[[ATTACHMENT|specs-04-quotes-Quote-Mana-690c2--loads-with-required-fields-chromium/error-context.md]]
]]>
</system-out>
</testcase>
<testcase name="Quote Management › Can add service to quote" classname="specs/04-quotes.spec.ts" time="8.495">
<failure message="04-quotes.spec.ts:49:7 Can add service to quote" type="FAILURE">
<![CDATA[  [chromium] › specs/04-quotes.spec.ts:49:7 › Quote Management › Can add service to quote ──────────

    TimeoutError: page.waitForURL: Timeout 5000ms exceeded.
    =========================== logs ===========================
    waiting for navigation to "**/dashboard/clients" until "load"
    ============================================================

       at pages/clients.page.ts:54

      52 |   async submitClientForm() {
      53 |     await this.page.locator('button[type="submit"]:has-text("Crear"), button[type="submit"]:has-text("Guardar")').click()
    > 54 |     await this.page.waitForURL('**/dashboard/clients', { timeout: 5000 })
         |                     ^
      55 |   }
      56 |
      57 |   async createClient(data: {
        at ClientsPage.submitClientForm (/Users/mariobustosjmz/Desktop/claude/my-saas-app/e2e/pages/clients.page.ts:54:21)
        at ClientsPage.createClient (/Users/mariobustosjmz/Desktop/claude/my-saas-app/e2e/pages/clients.page.ts:65:5)
        at /Users/mariobustosjmz/Desktop/claude/my-saas-app/e2e/specs/04-quotes.spec.ts:18:5

    attachment #1: screenshot (image/png) ──────────────────────────────────────────────────────────
    ../test-results/specs-04-quotes-Quote-Management-Can-add-service-to-quote-chromium/test-failed-1.png
    ────────────────────────────────────────────────────────────────────────────────────────────────

    attachment #2: video (video/webm) ──────────────────────────────────────────────────────────────
    ../test-results/specs-04-quotes-Quote-Management-Can-add-service-to-quote-chromium/video.webm
    ────────────────────────────────────────────────────────────────────────────────────────────────

    Error Context: ../test-results/specs-04-quotes-Quote-Management-Can-add-service-to-quote-chromium/error-context.md
]]>
</failure>
<system-out>
<![CDATA[
[[ATTACHMENT|specs-04-quotes-Quote-Management-Can-add-service-to-quote-chromium/test-failed-1.png]]

[[ATTACHMENT|specs-04-quotes-Quote-Management-Can-add-service-to-quote-chromium/video.webm]]

[[ATTACHMENT|specs-04-quotes-Quote-Management-Can-add-service-to-quote-chromium/error-context.md]]
]]>
</system-out>
</testcase>
<testcase name="Quote Management › Quote list displays correctly" classname="specs/04-quotes.spec.ts" time="8.584">
<failure message="04-quotes.spec.ts:63:7 Quote list displays correctly" type="FAILURE">
<![CDATA[  [chromium] › specs/04-quotes.spec.ts:63:7 › Quote Management › Quote list displays correctly ─────

    TimeoutError: page.waitForURL: Timeout 5000ms exceeded.
    =========================== logs ===========================
    waiting for navigation to "**/dashboard/clients" until "load"
    ============================================================

       at pages/clients.page.ts:54

      52 |   async submitClientForm() {
      53 |     await this.page.locator('button[type="submit"]:has-text("Crear"), button[type="submit"]:has-text("Guardar")').click()
    > 54 |     await this.page.waitForURL('**/dashboard/clients', { timeout: 5000 })
         |                     ^
      55 |   }
      56 |
      57 |   async createClient(data: {
        at ClientsPage.submitClientForm (/Users/mariobustosjmz/Desktop/claude/my-saas-app/e2e/pages/clients.page.ts:54:21)
        at ClientsPage.createClient (/Users/mariobustosjmz/Desktop/claude/my-saas-app/e2e/pages/clients.page.ts:65:5)
        at /Users/mariobustosjmz/Desktop/claude/my-saas-app/e2e/specs/04-quotes.spec.ts:18:5

    attachment #1: screenshot (image/png) ──────────────────────────────────────────────────────────
    ../test-results/specs-04-quotes-Quote-Mana-f08d5-ote-list-displays-correctly-chromium/test-failed-1.png
    ────────────────────────────────────────────────────────────────────────────────────────────────

    attachment #2: video (video/webm) ──────────────────────────────────────────────────────────────
    ../test-results/specs-04-quotes-Quote-Mana-f08d5-ote-list-displays-correctly-chromium/video.webm
    ────────────────────────────────────────────────────────────────────────────────────────────────

    Error Context: ../test-results/specs-04-quotes-Quote-Mana-f08d5-ote-list-displays-correctly-chromium/error-context.md
]]>
</failure>
<system-out>
<![CDATA[
[[ATTACHMENT|specs-04-quotes-Quote-Mana-f08d5-ote-list-displays-correctly-chromium/test-failed-1.png]]

[[ATTACHMENT|specs-04-quotes-Quote-Mana-f08d5-ote-list-displays-correctly-chromium/video.webm]]

[[ATTACHMENT|specs-04-quotes-Quote-Mana-f08d5-ote-list-displays-correctly-chromium/error-context.md]]
]]>
</system-out>
</testcase>
<testcase name="Quote Management › Quote status badges display correctly" classname="specs/04-quotes.spec.ts" time="8.53">
<failure message="04-quotes.spec.ts:72:7 Quote status badges display correctly" type="FAILURE">
<![CDATA[  [chromium] › specs/04-quotes.spec.ts:72:7 › Quote Management › Quote status badges display correctly 

    TimeoutError: page.waitForURL: Timeout 5000ms exceeded.
    =========================== logs ===========================
    waiting for navigation to "**/dashboard/clients" until "load"
    ============================================================

       at pages/clients.page.ts:54

      52 |   async submitClientForm() {
      53 |     await this.page.locator('button[type="submit"]:has-text("Crear"), button[type="submit"]:has-text("Guardar")').click()
    > 54 |     await this.page.waitForURL('**/dashboard/clients', { timeout: 5000 })
         |                     ^
      55 |   }
      56 |
      57 |   async createClient(data: {
        at ClientsPage.submitClientForm (/Users/mariobustosjmz/Desktop/claude/my-saas-app/e2e/pages/clients.page.ts:54:21)
        at ClientsPage.createClient (/Users/mariobustosjmz/Desktop/claude/my-saas-app/e2e/pages/clients.page.ts:65:5)
        at /Users/mariobustosjmz/Desktop/claude/my-saas-app/e2e/specs/04-quotes.spec.ts:18:5

    attachment #1: screenshot (image/png) ──────────────────────────────────────────────────────────
    ../test-results/specs-04-quotes-Quote-Mana-7a350-us-badges-display-correctly-chromium/test-failed-1.png
    ────────────────────────────────────────────────────────────────────────────────────────────────

    attachment #2: video (video/webm) ──────────────────────────────────────────────────────────────
    ../test-results/specs-04-quotes-Quote-Mana-7a350-us-badges-display-correctly-chromium/video.webm
    ────────────────────────────────────────────────────────────────────────────────────────────────

    Error Context: ../test-results/specs-04-quotes-Quote-Mana-7a350-us-badges-display-correctly-chromium/error-context.md
]]>
</failure>
<system-out>
<![CDATA[
[[ATTACHMENT|specs-04-quotes-Quote-Mana-7a350-us-badges-display-correctly-chromium/test-failed-1.png]]

[[ATTACHMENT|specs-04-quotes-Quote-Mana-7a350-us-badges-display-correctly-chromium/video.webm]]

[[ATTACHMENT|specs-04-quotes-Quote-Mana-7a350-us-badges-display-correctly-chromium/error-context.md]]
]]>
</system-out>
</testcase>
<testcase name="Quote Management › Quote table displays all required columns" classname="specs/04-quotes.spec.ts" time="8.661">
<failure message="04-quotes.spec.ts:87:7 Quote table displays all required columns" type="FAILURE">
<![CDATA[  [chromium] › specs/04-quotes.spec.ts:87:7 › Quote Management › Quote table displays all required columns 

    TimeoutError: page.waitForURL: Timeout 5000ms exceeded.
    =========================== logs ===========================
    waiting for navigation to "**/dashboard/clients" until "load"
    ============================================================

       at pages/clients.page.ts:54

      52 |   async submitClientForm() {
      53 |     await this.page.locator('button[type="submit"]:has-text("Crear"), button[type="submit"]:has-text("Guardar")').click()
    > 54 |     await this.page.waitForURL('**/dashboard/clients', { timeout: 5000 })
         |                     ^
      55 |   }
      56 |
      57 |   async createClient(data: {
        at ClientsPage.submitClientForm (/Users/mariobustosjmz/Desktop/claude/my-saas-app/e2e/pages/clients.page.ts:54:21)
        at ClientsPage.createClient (/Users/mariobustosjmz/Desktop/claude/my-saas-app/e2e/pages/clients.page.ts:65:5)
        at /Users/mariobustosjmz/Desktop/claude/my-saas-app/e2e/specs/04-quotes.spec.ts:18:5

    attachment #1: screenshot (image/png) ──────────────────────────────────────────────────────────
    ../test-results/specs-04-quotes-Quote-Mana-b97fd-splays-all-required-columns-chromium/test-failed-1.png
    ────────────────────────────────────────────────────────────────────────────────────────────────

    attachment #2: video (video/webm) ──────────────────────────────────────────────────────────────
    ../test-results/specs-04-quotes-Quote-Mana-b97fd-splays-all-required-columns-chromium/video.webm
    ────────────────────────────────────────────────────────────────────────────────────────────────

    Error Context: ../test-results/specs-04-quotes-Quote-Mana-b97fd-splays-all-required-columns-chromium/error-context.md
]]>
</failure>
<system-out>
<![CDATA[
[[ATTACHMENT|specs-04-quotes-Quote-Mana-b97fd-splays-all-required-columns-chromium/test-failed-1.png]]

[[ATTACHMENT|specs-04-quotes-Quote-Mana-b97fd-splays-all-required-columns-chromium/video.webm]]

[[ATTACHMENT|specs-04-quotes-Quote-Mana-b97fd-splays-all-required-columns-chromium/error-context.md]]
]]>
</system-out>
</testcase>
<testcase name="Quote Management › Empty state shown when no quotes" classname="specs/04-quotes.spec.ts" time="9.123">
<failure message="04-quotes.spec.ts:100:7 Empty state shown when no quotes" type="FAILURE">
<![CDATA[  [chromium] › specs/04-quotes.spec.ts:100:7 › Quote Management › Empty state shown when no quotes ─

    TimeoutError: page.waitForURL: Timeout 5000ms exceeded.
    =========================== logs ===========================
    waiting for navigation to "**/dashboard/clients" until "load"
    ============================================================

       at pages/clients.page.ts:54

      52 |   async submitClientForm() {
      53 |     await this.page.locator('button[type="submit"]:has-text("Crear"), button[type="submit"]:has-text("Guardar")').click()
    > 54 |     await this.page.waitForURL('**/dashboard/clients', { timeout: 5000 })
         |                     ^
      55 |   }
      56 |
      57 |   async createClient(data: {
        at ClientsPage.submitClientForm (/Users/mariobustosjmz/Desktop/claude/my-saas-app/e2e/pages/clients.page.ts:54:21)
        at ClientsPage.createClient (/Users/mariobustosjmz/Desktop/claude/my-saas-app/e2e/pages/clients.page.ts:65:5)
        at /Users/mariobustosjmz/Desktop/claude/my-saas-app/e2e/specs/04-quotes.spec.ts:18:5

    attachment #1: screenshot (image/png) ──────────────────────────────────────────────────────────
    ../test-results/specs-04-quotes-Quote-Mana-21ad5--state-shown-when-no-quotes-chromium/test-failed-1.png
    ────────────────────────────────────────────────────────────────────────────────────────────────

    attachment #2: video (video/webm) ──────────────────────────────────────────────────────────────
    ../test-results/specs-04-quotes-Quote-Mana-21ad5--state-shown-when-no-quotes-chromium/video.webm
    ────────────────────────────────────────────────────────────────────────────────────────────────

    Error Context: ../test-results/specs-04-quotes-Quote-Mana-21ad5--state-shown-when-no-quotes-chromium/error-context.md
]]>
</failure>
<system-out>
<![CDATA[
[[ATTACHMENT|specs-04-quotes-Quote-Mana-21ad5--state-shown-when-no-quotes-chromium/test-failed-1.png]]

[[ATTACHMENT|specs-04-quotes-Quote-Mana-21ad5--state-shown-when-no-quotes-chromium/video.webm]]

[[ATTACHMENT|specs-04-quotes-Quote-Mana-21ad5--state-shown-when-no-quotes-chromium/error-context.md]]
]]>
</system-out>
</testcase>
<testcase name="Quote Management › Quote form has client selection" classname="specs/04-quotes.spec.ts" time="9.121">
<failure message="04-quotes.spec.ts:110:7 Quote form has client selection" type="FAILURE">
<![CDATA[  [chromium] › specs/04-quotes.spec.ts:110:7 › Quote Management › Quote form has client selection ──

    TimeoutError: page.waitForURL: Timeout 5000ms exceeded.
    =========================== logs ===========================
    waiting for navigation to "**/dashboard/clients" until "load"
    ============================================================

       at pages/clients.page.ts:54

      52 |   async submitClientForm() {
      53 |     await this.page.locator('button[type="submit"]:has-text("Crear"), button[type="submit"]:has-text("Guardar")').click()
    > 54 |     await this.page.waitForURL('**/dashboard/clients', { timeout: 5000 })
         |                     ^
      55 |   }
      56 |
      57 |   async createClient(data: {
        at ClientsPage.submitClientForm (/Users/mariobustosjmz/Desktop/claude/my-saas-app/e2e/pages/clients.page.ts:54:21)
        at ClientsPage.createClient (/Users/mariobustosjmz/Desktop/claude/my-saas-app/e2e/pages/clients.page.ts:65:5)
        at /Users/mariobustosjmz/Desktop/claude/my-saas-app/e2e/specs/04-quotes.spec.ts:18:5

    attachment #1: screenshot (image/png) ──────────────────────────────────────────────────────────
    ../test-results/specs-04-quotes-Quote-Mana-10c71-e-form-has-client-selection-chromium/test-failed-1.png
    ────────────────────────────────────────────────────────────────────────────────────────────────

    attachment #2: video (video/webm) ──────────────────────────────────────────────────────────────
    ../test-results/specs-04-quotes-Quote-Mana-10c71-e-form-has-client-selection-chromium/video.webm
    ────────────────────────────────────────────────────────────────────────────────────────────────

    Error Context: ../test-results/specs-04-quotes-Quote-Mana-10c71-e-form-has-client-selection-chromium/error-context.md
]]>
</failure>
<system-out>
<![CDATA[
[[ATTACHMENT|specs-04-quotes-Quote-Mana-10c71-e-form-has-client-selection-chromium/test-failed-1.png]]

[[ATTACHMENT|specs-04-quotes-Quote-Mana-10c71-e-form-has-client-selection-chromium/video.webm]]

[[ATTACHMENT|specs-04-quotes-Quote-Mana-10c71-e-form-has-client-selection-chromium/error-context.md]]
]]>
</system-out>
</testcase>
<testcase name="Quote Management › Service quantity defaults to 1" classname="specs/04-quotes.spec.ts" time="8.292">
<failure message="04-quotes.spec.ts:118:7 Service quantity defaults to 1" type="FAILURE">
<![CDATA[  [chromium] › specs/04-quotes.spec.ts:118:7 › Quote Management › Service quantity defaults to 1 ───

    TimeoutError: page.waitForURL: Timeout 5000ms exceeded.
    =========================== logs ===========================
    waiting for navigation to "**/dashboard/clients" until "load"
    ============================================================

       at pages/clients.page.ts:54

      52 |   async submitClientForm() {
      53 |     await this.page.locator('button[type="submit"]:has-text("Crear"), button[type="submit"]:has-text("Guardar")').click()
    > 54 |     await this.page.waitForURL('**/dashboard/clients', { timeout: 5000 })
         |                     ^
      55 |   }
      56 |
      57 |   async createClient(data: {
        at ClientsPage.submitClientForm (/Users/mariobustosjmz/Desktop/claude/my-saas-app/e2e/pages/clients.page.ts:54:21)
        at ClientsPage.createClient (/Users/mariobustosjmz/Desktop/claude/my-saas-app/e2e/pages/clients.page.ts:65:5)
        at /Users/mariobustosjmz/Desktop/claude/my-saas-app/e2e/specs/04-quotes.spec.ts:18:5

    attachment #1: screenshot (image/png) ──────────────────────────────────────────────────────────
    ../test-results/specs-04-quotes-Quote-Mana-c833b-vice-quantity-defaults-to-1-chromium/test-failed-1.png
    ────────────────────────────────────────────────────────────────────────────────────────────────

    attachment #2: video (video/webm) ──────────────────────────────────────────────────────────────
    ../test-results/specs-04-quotes-Quote-Mana-c833b-vice-quantity-defaults-to-1-chromium/video.webm
    ────────────────────────────────────────────────────────────────────────────────────────────────

    Error Context: ../test-results/specs-04-quotes-Quote-Mana-c833b-vice-quantity-defaults-to-1-chromium/error-context.md
]]>
</failure>
<system-out>
<![CDATA[
[[ATTACHMENT|specs-04-quotes-Quote-Mana-c833b-vice-quantity-defaults-to-1-chromium/test-failed-1.png]]

[[ATTACHMENT|specs-04-quotes-Quote-Mana-c833b-vice-quantity-defaults-to-1-chromium/video.webm]]

[[ATTACHMENT|specs-04-quotes-Quote-Mana-c833b-vice-quantity-defaults-to-1-chromium/error-context.md]]
]]>
</system-out>
</testcase>
<testcase name="Quote Management › Multiple services can be added to quote" classname="specs/04-quotes.spec.ts" time="8.69">
<failure message="04-quotes.spec.ts:135:7 Multiple services can be added to quote" type="FAILURE">
<![CDATA[  [chromium] › specs/04-quotes.spec.ts:135:7 › Quote Management › Multiple services can be added to quote 

    TimeoutError: page.waitForURL: Timeout 5000ms exceeded.
    =========================== logs ===========================
    waiting for navigation to "**/dashboard/clients" until "load"
    ============================================================

       at pages/clients.page.ts:54

      52 |   async submitClientForm() {
      53 |     await this.page.locator('button[type="submit"]:has-text("Crear"), button[type="submit"]:has-text("Guardar")').click()
    > 54 |     await this.page.waitForURL('**/dashboard/clients', { timeout: 5000 })
         |                     ^
      55 |   }
      56 |
      57 |   async createClient(data: {
        at ClientsPage.submitClientForm (/Users/mariobustosjmz/Desktop/claude/my-saas-app/e2e/pages/clients.page.ts:54:21)
        at ClientsPage.createClient (/Users/mariobustosjmz/Desktop/claude/my-saas-app/e2e/pages/clients.page.ts:65:5)
        at /Users/mariobustosjmz/Desktop/claude/my-saas-app/e2e/specs/04-quotes.spec.ts:18:5

    attachment #1: screenshot (image/png) ──────────────────────────────────────────────────────────
    ../test-results/specs-04-quotes-Quote-Mana-4142f-vices-can-be-added-to-quote-chromium/test-failed-1.png
    ────────────────────────────────────────────────────────────────────────────────────────────────

    attachment #2: video (video/webm) ──────────────────────────────────────────────────────────────
    ../test-results/specs-04-quotes-Quote-Mana-4142f-vices-can-be-added-to-quote-chromium/video.webm
    ────────────────────────────────────────────────────────────────────────────────────────────────

    Error Context: ../test-results/specs-04-quotes-Quote-Mana-4142f-vices-can-be-added-to-quote-chromium/error-context.md
]]>
</failure>
<system-out>
<![CDATA[
[[ATTACHMENT|specs-04-quotes-Quote-Mana-4142f-vices-can-be-added-to-quote-chromium/test-failed-1.png]]

[[ATTACHMENT|specs-04-quotes-Quote-Mana-4142f-vices-can-be-added-to-quote-chromium/video.webm]]

[[ATTACHMENT|specs-04-quotes-Quote-Mana-4142f-vices-can-be-added-to-quote-chromium/error-context.md]]
[...]

[[ATTACHMENT|specs-06-reminders-Reminde-62e17-s-due-today-are-highlighted-webkit/error-context.md]]
]]>
</system-out>
</testcase>
<testcase name="Reminders Management › Reminder pagination works" classname="specs/06-reminders.spec.ts" time="1.997">
</testcase>
<testcase name="Reminders Management › Search reminders by title" classname="specs/06-reminders.spec.ts" time="3.697">
</testcase>
</testsuite>
<testsuite name="specs/07-critical-journey.spec.ts" timestamp="2026-02-15T05:52:32.997Z" hostname="webkit" tests="11" failures="8" skipped="0" time="77.554" errors="0">
<testcase name="Critical User Journey: Complete Workflow › User logs in and navigates complete application flow" classname="specs/07-critical-journey.spec.ts" time="2.456">
<failure message="07-critical-journey.spec.ts:10:7 User logs in and navigates complete application flow" type="FAILURE">
<![CDATA[  [webkit] › specs/07-critical-journey.spec.ts:10:7 › Critical User Journey: Complete Workflow › User logs in and navigates complete application flow 

    Error: locator.isVisible: Error: strict mode violation: locator('text=Dashboard') resolved to 2 elements:
        1) <span>Dashboard</span> aka getByRole('link', { name: 'Dashboard' })
        2) <h1 class="text-lg font-semibold text-gray-900">Dashboard</h1> aka getByRole('heading', { name: 'Dashboard' })

    Call log:
        - checking visibility of locator('text=Dashboard')


       at pages/dashboard.page.ts:75

      73 |
      74 |   async isDashboardVisible(): Promise<boolean> {
    > 75 |     return await this.page.locator('text=Dashboard').isVisible()
         |                                                      ^
      76 |   }
      77 |
      78 |   // Stats
        at DashboardPage.isDashboardVisible (/Users/mariobustosjmz/Desktop/claude/my-saas-app/e2e/pages/dashboard.page.ts:75:54)
        at /Users/mariobustosjmz/Desktop/claude/my-saas-app/e2e/specs/07-critical-journey.spec.ts:22:32

    attachment #1: screenshot (image/png) ──────────────────────────────────────────────────────────
    ../test-results/specs-07-critical-journey--9b0f8-s-complete-application-flow-webkit/test-failed-1.png
    ────────────────────────────────────────────────────────────────────────────────────────────────

    attachment #2: video (video/webm) ──────────────────────────────────────────────────────────────
    ../test-results/specs-07-critical-journey--9b0f8-s-complete-application-flow-webkit/video.webm
    ────────────────────────────────────────────────────────────────────────────────────────────────

    Error Context: ../test-results/specs-07-critical-journey--9b0f8-s-complete-application-flow-webkit/error-context.md
]]>
</failure>
<system-out>
<![CDATA[
[[ATTACHMENT|specs-07-critical-journey--9b0f8-s-complete-application-flow-webkit/test-failed-1.png]]

[[ATTACHMENT|specs-07-critical-journey--9b0f8-s-complete-application-flow-webkit/video.webm]]

[[ATTACHMENT|specs-07-critical-journey--9b0f8-s-complete-application-flow-webkit/error-context.md]]
]]>
</system-out>
</testcase>
<testcase name="Critical User Journey: Complete Workflow › User can create client and see it in list" classname="specs/07-critical-journey.spec.ts" time="13.881">
<failure message="07-critical-journey.spec.ts:58:7 User can create client and see it in list" type="FAILURE">
<![CDATA[  [webkit] › specs/07-critical-journey.spec.ts:58:7 › Critical User Journey: Complete Workflow › User can create client and see it in list 

    TimeoutError: locator.textContent: Timeout 10000ms exceeded.
    Call log:
      - waiting for locator('text=Total Clientes').locator('..').locator('div.text-2xl')


       at pages/base.page.ts:23

      21 |
      22 |   async getText(locator: Locator): Promise<string> {
    > 23 |     return await locator.textContent() || ''
         |                          ^
      24 |   }
      25 |
      26 |   async isVisible(locator: Locator): Promise<boolean> {
        at DashboardPage.getText (/Users/mariobustosjmz/Desktop/claude/my-saas-app/e2e/pages/base.page.ts:23:26)
        at DashboardPage.getTotalClientsCount (/Users/mariobustosjmz/Desktop/claude/my-saas-app/e2e/pages/dashboard.page.ts:81:23)
        at /Users/mariobustosjmz/Desktop/claude/my-saas-app/e2e/specs/07-critical-journey.spec.ts:69:46

    attachment #1: screenshot (image/png) ──────────────────────────────────────────────────────────
    ../test-results/specs-07-critical-journey--269b5-e-client-and-see-it-in-list-webkit/test-failed-1.png
    ────────────────────────────────────────────────────────────────────────────────────────────────

    attachment #2: video (video/webm) ──────────────────────────────────────────────────────────────
    ../test-results/specs-07-critical-journey--269b5-e-client-and-see-it-in-list-webkit/video.webm
    ────────────────────────────────────────────────────────────────────────────────────────────────

    Error Context: ../test-results/specs-07-critical-journey--269b5-e-client-and-see-it-in-list-webkit/error-context.md
]]>
</failure>
<system-out>
<![CDATA[
[[ATTACHMENT|specs-07-critical-journey--269b5-e-client-and-see-it-in-list-webkit/test-failed-1.png]]

[[ATTACHMENT|specs-07-critical-journey--269b5-e-client-and-see-it-in-list-webkit/video.webm]]

[[ATTACHMENT|specs-07-critical-journey--269b5-e-client-and-see-it-in-list-webkit/error-context.md]]
]]>
</system-out>
</testcase>
<testcase name="Critical User Journey: Complete Workflow › User can access all main dashboard sections" classname="specs/07-critical-journey.spec.ts" time="9.986">
</testcase>
<testcase name="Critical User Journey: Complete Workflow › User session persists across page navigation" classname="specs/07-critical-journey.spec.ts" time="7.301">
<failure message="07-critical-journey.spec.ts:114:7 User session persists across page navigation" type="FAILURE">
<![CDATA[  [webkit] › specs/07-critical-journey.spec.ts:114:7 › Critical User Journey: Complete Workflow › User session persists across page navigation 

    Error: expect(received).toBeTruthy()

    Received: false

      132 |     // Should still be logged in
      133 |     const loggedIn = await dashboardPage.isLoggedIn()
    > 134 |     expect(loggedIn).toBeTruthy()
          |                      ^
      135 |   })
      136 |
      137 |   test('User cannot access protected routes without authentication', async ({ page }) => {
        at /Users/mariobustosjmz/Desktop/claude/my-saas-app/e2e/specs/07-critical-journey.spec.ts:134:22

    attachment #1: screenshot (image/png) ──────────────────────────────────────────────────────────
    ../test-results/specs-07-critical-journey--35ee2-ists-across-page-navigation-webkit/test-failed-1.png
    ────────────────────────────────────────────────────────────────────────────────────────────────

    attachment #2: video (video/webm) ──────────────────────────────────────────────────────────────
    ../test-results/specs-07-critical-journey--35ee2-ists-across-page-navigation-webkit/video.webm
    ────────────────────────────────────────────────────────────────────────────────────────────────

    Error Context: ../test-results/specs-07-critical-journey--35ee2-ists-across-page-navigation-webkit/error-context.md
]]>
</failure>
<system-out>
<![CDATA[
[[ATTACHMENT|specs-07-critical-journey--35ee2-ists-across-page-navigation-webkit/test-failed-1.png]]

[[ATTACHMENT|specs-07-critical-journey--35ee2-ists-across-page-navigation-webkit/video.webm]]

[[ATTACHMENT|specs-07-critical-journey--35ee2-ists-across-page-navigation-webkit/error-context.md]]
]]>
</system-out>
</testcase>
<testcase name="Critical User Journey: Complete Workflow › User cannot access protected routes without authentication" classname="specs/07-critical-journey.spec.ts" time="1.89">
</testcase>
<testcase name="Critical User Journey: Complete Workflow › User can logout and login again" classname="specs/07-critical-journey.spec.ts" time="13.258">
<failure message="07-critical-journey.spec.ts:146:7 User can logout and login again" type="FAILURE">
<![CDATA[  [webkit] › specs/07-critical-journey.spec.ts:146:7 › Critical User Journey: Complete Workflow › User can logout and login again 

    TimeoutError: locator.click: Timeout 10000ms exceeded.
    Call log:
      - waiting for locator('button:has-text("Cerrar sesión"), a:has-text("Logout")')


       at pages/dashboard.page.ts:56

      54 |
      55 |   async clickLogout() {
    > 56 |     await this.page.locator('button:has-text("Cerrar sesión"), a:has-text("Logout")').click()
         |                                                                                       ^
      57 |   }
      58 |
      59 |   async logout() {
        at DashboardPage.clickLogout (/Users/mariobustosjmz/Desktop/claude/my-saas-app/e2e/pages/dashboard.page.ts:56:87)
        at DashboardPage.logout (/Users/mariobustosjmz/Desktop/claude/my-saas-app/e2e/pages/dashboard.page.ts:61:16)
        at /Users/mariobustosjmz/Desktop/claude/my-saas-app/e2e/specs/07-critical-journey.spec.ts:156:5

    attachment #1: screenshot (image/png) ──────────────────────────────────────────────────────────
    ../test-results/specs-07-critical-journey--e5f41--can-logout-and-login-again-webkit/test-failed-1.png
    ────────────────────────────────────────────────────────────────────────────────────────────────

    attachment #2: video (video/webm) ──────────────────────────────────────────────────────────────
    ../test-results/specs-07-critical-journey--e5f41--can-logout-and-login-again-webkit/video.webm
    ────────────────────────────────────────────────────────────────────────────────────────────────

    Error Context: ../test-results/specs-07-critical-journey--e5f41--can-logout-and-login-again-webkit/error-context.md
]]>
</failure>
<system-out>
<![CDATA[
[[ATTACHMENT|specs-07-critical-journey--e5f41--can-logout-and-login-again-webkit/test-failed-1.png]]

[[ATTACHMENT|specs-07-critical-journey--e5f41--can-logout-and-login-again-webkit/video.webm]]

[[ATTACHMENT|specs-07-critical-journey--e5f41--can-logout-and-login-again-webkit/error-context.md]]
]]>
</system-out>
</testcase>
<testcase name="Critical User Journey: Complete Workflow › Page refresh maintains session" classname="specs/07-critical-journey.spec.ts" time="3.403">
<failure message="07-critical-journey.spec.ts:164:7 Page refresh maintains session" type="FAILURE">
<![CDATA[  [webkit] › specs/07-critical-journey.spec.ts:164:7 › Critical User Journey: Complete Workflow › Page refresh maintains session 

    Error: locator.isVisible: Error: strict mode violation: locator('text=Dashboard') resolved to 2 elements:
        1) <span>Dashboard</span> aka getByRole('link', { name: 'Dashboard' })
        2) <h1 class="text-lg font-semibold text-gray-900">Dashboard</h1> aka getByRole('heading', { name: 'Dashboard' })

    Call log:
        - checking visibility of locator('text=Dashboard')


       at pages/dashboard.page.ts:75

      73 |
      74 |   async isDashboardVisible(): Promise<boolean> {
    > 75 |     return await this.page.locator('text=Dashboard').isVisible()
         |                                                      ^
      76 |   }
      77 |
      78 |   // Stats
        at DashboardPage.isDashboardVisible (/Users/mariobustosjmz/Desktop/claude/my-saas-app/e2e/pages/dashboard.page.ts:75:54)
        at /Users/mariobustosjmz/Desktop/claude/my-saas-app/e2e/specs/07-critical-journey.spec.ts:179:45

    attachment #1: screenshot (image/png) ──────────────────────────────────────────────────────────
    ../test-results/specs-07-critical-journey--71efa-e-refresh-maintains-session-webkit/test-failed-1.png
    ────────────────────────────────────────────────────────────────────────────────────────────────

    attachment #2: video (video/webm) ──────────────────────────────────────────────────────────────
    ../test-results/specs-07-critical-journey--71efa-e-refresh-maintains-session-webkit/video.webm
    ────────────────────────────────────────────────────────────────────────────────────────────────

    Error Context: ../test-results/specs-07-critical-journey--71efa-e-refresh-maintains-session-webkit/error-context.md
]]>
</failure>
<system-out>
<![CDATA[
[[ATTACHMENT|specs-07-critical-journey--71efa-e-refresh-maintains-session-webkit/test-failed-1.png]]

[[ATTACHMENT|specs-07-critical-journey--71efa-e-refresh-maintains-session-webkit/video.webm]]

[[ATTACHMENT|specs-07-critical-journey--71efa-e-refresh-maintains-session-webkit/error-context.md]]
]]>
</system-out>
</testcase>
<testcase name="Critical User Journey: Complete Workflow › User data is displayed correctly after login" classname="specs/07-critical-journey.spec.ts" time="2.374">
</testcase>
<testcase name="Critical User Journey: Complete Workflow › Dashboard stats are visible and contain data" classname="specs/07-critical-journey.spec.ts" time="12.468">
<failure message="07-critical-journey.spec.ts:199:7 Dashboard stats are visible and contain data" type="FAILURE">
<![CDATA[  [webkit] › specs/07-critical-journey.spec.ts:199:7 › Critical User Journey: Complete Workflow › Dashboard stats are visible and contain data 

    TimeoutError: locator.textContent: Timeout 10000ms exceeded.
    Call log:
      - waiting for locator('text=Total Clientes').locator('..').locator('div.text-2xl')


       at pages/base.page.ts:23

      21 |
      22 |   async getText(locator: Locator): Promise<string> {
    > 23 |     return await locator.textContent() || ''
         |                          ^
      24 |   }
      25 |
      26 |   async isVisible(locator: Locator): Promise<boolean> {
        at DashboardPage.getText (/Users/mariobustosjmz/Desktop/claude/my-saas-app/e2e/pages/base.page.ts:23:26)
        at DashboardPage.getTotalClientsCount (/Users/mariobustosjmz/Desktop/claude/my-saas-app/e2e/pages/dashboard.page.ts:81:23)
        at /Users/mariobustosjmz/Desktop/claude/my-saas-app/e2e/specs/07-critical-journey.spec.ts:209:46

    attachment #1: screenshot (image/png) ──────────────────────────────────────────────────────────
    ../test-results/specs-07-critical-journey--7a467-re-visible-and-contain-data-webkit/test-failed-1.png
    ────────────────────────────────────────────────────────────────────────────────────────────────

    attachment #2: video (video/webm) ──────────────────────────────────────────────────────────────
    ../test-results/specs-07-critical-journey--7a467-re-visible-and-contain-data-webkit/video.webm
    ────────────────────────────────────────────────────────────────────────────────────────────────

    Error Context: ../test-results/specs-07-critical-journey--7a467-re-visible-and-contain-data-webkit/error-context.md
]]>
</failure>
<system-out>
<![CDATA[
[[ATTACHMENT|specs-07-critical-journey--7a467-re-visible-and-contain-data-webkit/test-failed-1.png]]

[[ATTACHMENT|specs-07-critical-journey--7a467-re-visible-and-contain-data-webkit/video.webm]]

[[ATTACHMENT|specs-07-critical-journey--7a467-re-visible-and-contain-data-webkit/error-context.md]]
]]>
</system-out>
</testcase>
<testcase name="Critical User Journey: Complete Workflow › Network error handling during navigation" classname="specs/07-critical-journey.spec.ts" time="2.721">
<failure message="07-critical-journey.spec.ts:214:7 Network error handling during navigation" type="FAILURE">
<![CDATA[  [webkit] › specs/07-critical-journey.spec.ts:214:7 › Critical User Journey: Complete Workflow › Network error handling during navigation 

    Error: locator.isVisible: Error: strict mode violation: locator('text=Dashboard') resolved to 2 elements:
        1) <span>Dashboard</span> aka getByRole('link', { name: 'Dashboard' })
        2) <h1 class="text-lg font-semibold text-gray-900">Dashboard</h1> aka getByRole('heading', { name: 'Dashboard' })

    Call log:
        - checking visibility of locator('text=Dashboard')


       at pages/dashboard.page.ts:75

      73 |
      74 |   async isDashboardVisible(): Promise<boolean> {
    > 75 |     return await this.page.locator('text=Dashboard').isVisible()
         |                                                      ^
      76 |   }
      77 |
      78 |   // Stats
        at DashboardPage.isDashboardVisible (/Users/mariobustosjmz/Desktop/claude/my-saas-app/e2e/pages/dashboard.page.ts:75:54)
        at /Users/mariobustosjmz/Desktop/claude/my-saas-app/e2e/specs/07-critical-journey.spec.ts:224:45

    attachment #1: screenshot (image/png) ──────────────────────────────────────────────────────────
    ../test-results/specs-07-critical-journey--fad7c--handling-during-navigation-webkit/test-failed-1.png
    ────────────────────────────────────────────────────────────────────────────────────────────────

    attachment #2: video (video/webm) ──────────────────────────────────────────────────────────────
    ../test-results/specs-07-critical-journey--fad7c--handling-during-navigation-webkit/video.webm
    ────────────────────────────────────────────────────────────────────────────────────────────────

    Error Context: ../test-results/specs-07-critical-journey--fad7c--handling-during-navigation-webkit/error-context.md
]]>
</failure>
<system-out>
<![CDATA[
[[ATTACHMENT|specs-07-critical-journey--fad7c--handling-during-navigation-webkit/test-failed-1.png]]

[[ATTACHMENT|specs-07-critical-journey--fad7c--handling-during-navigation-webkit/video.webm]]

[[ATTACHMENT|specs-07-critical-journey--fad7c--handling-during-navigation-webkit/error-context.md]]
]]>
</system-out>
</testcase>
<testcase name="Critical User Journey: Complete Workflow › Mobile viewport - complete workflow" classname="specs/07-critical-journey.spec.ts" time="7.816">
<failure message="07-critical-journey.spec.ts:228:7 Mobile viewport - complete workflow" type="FAILURE">
<![CDATA[  [webkit] › specs/07-critical-journey.spec.ts:228:7 › Critical User Journey: Complete Workflow › Mobile viewport - complete workflow 

    TimeoutError: page.waitForURL: Timeout 5000ms exceeded.
    =========================== logs ===========================
    waiting for navigation to "**/dashboard/clients" until "load"
    ============================================================

       at pages/clients.page.ts:54

      52 |   async submitClientForm() {
      53 |     await this.page.locator('button[type="submit"]:has-text("Crear"), button[type="submit"]:has-text("Guardar")').click()
    > 54 |     await this.page.waitForURL('**/dashboard/clients', { timeout: 5000 })
         |                     ^
      55 |   }
      56 |
      57 |   async createClient(data: {
        at ClientsPage.submitClientForm (/Users/mariobustosjmz/Desktop/claude/my-saas-app/e2e/pages/clients.page.ts:54:21)
        at ClientsPage.createClient (/Users/mariobustosjmz/Desktop/claude/my-saas-app/e2e/pages/clients.page.ts:65:5)
        at /Users/mariobustosjmz/Desktop/claude/my-saas-app/e2e/specs/07-critical-journey.spec.ts:249:5

    attachment #1: screenshot (image/png) ──────────────────────────────────────────────────────────
    ../test-results/specs-07-critical-journey--c2b4d-iewport---complete-workflow-webkit/test-failed-1.png
    ────────────────────────────────────────────────────────────────────────────────────────────────

    attachment #2: video (video/webm) ──────────────────────────────────────────────────────────────
    ../test-results/specs-07-critical-journey--c2b4d-iewport---complete-workflow-webkit/video.webm
    ────────────────────────────────────────────────────────────────────────────────────────────────

    Error Context: ../test-results/specs-07-critical-journey--c2b4d-iewport---complete-workflow-webkit/error-context.md
]]>
</failure>
<system-out>
<![CDATA[
[[ATTACHMENT|specs-07-critical-journey--c2b4d-iewport---complete-workflow-webkit/test-failed-1.png]]

[[ATTACHMENT|specs-07-critical-journey--c2b4d-iewport---complete-workflow-webkit/video.webm]]

[[ATTACHMENT|specs-07-critical-journey--c2b4d-iewport---complete-workflow-webkit/error-context.md]]
]]>
</system-out>
</testcase>
</testsuite>
</testsuites>